  main.cpp
C:\Users\o\source\repos\ProiectPOO remastered part 2\ProiectPOO remastered part 2\main.cpp(26,2): warning C4996: 'getch': The POSIX name for this item is deprecated. Instead, use the ISO C and C++ conformant name: _getch. See online help for details.
C:\Users\o\source\repos\ProiectPOO remastered part 2\ProiectPOO remastered part 2\main.cpp(437,12): warning C4244: 'argument': conversion from 'time_t' to 'unsigned int', possible loss of data
C:\Users\o\source\repos\ProiectPOO remastered part 2\ProiectPOO remastered part 2\main.cpp(483,53): warning C4267: '=': conversion from 'size_t' to 'int', possible loss of data
C:\Users\o\source\repos\ProiectPOO remastered part 2\ProiectPOO remastered part 2\main.cpp(492,2): warning C4996: 'strcpy': This function or variable may be unsafe. Consider using strcpy_s instead. To disable deprecation, use _CRT_SECURE_NO_WARNINGS. See online help for details.
C:\Users\o\source\repos\ProiectPOO remastered part 2\ProiectPOO remastered part 2\main.cpp(499,2): warning C4996: 'strcpy': This function or variable may be unsafe. Consider using strcpy_s instead. To disable deprecation, use _CRT_SECURE_NO_WARNINGS. See online help for details.
C:\Users\o\source\repos\ProiectPOO remastered part 2\ProiectPOO remastered part 2\main.cpp(539,6): warning C4996: 'getch': The POSIX name for this item is deprecated. Instead, use the ISO C and C++ conformant name: _getch. See online help for details.
C:\Users\o\source\repos\ProiectPOO remastered part 2\ProiectPOO remastered part 2\main.cpp(703,15): warning C4996: 'getch': The POSIX name for this item is deprecated. Instead, use the ISO C and C++ conformant name: _getch. See online help for details.
C:\Users\o\source\repos\ProiectPOO remastered part 2\ProiectPOO remastered part 2\main.cpp(732,15): warning C4996: 'getch': The POSIX name for this item is deprecated. Instead, use the ISO C and C++ conformant name: _getch. See online help for details.
C:\Users\o\source\repos\ProiectPOO remastered part 2\ProiectPOO remastered part 2\main.cpp(782,12): warning C4996: 'getch': The POSIX name for this item is deprecated. Instead, use the ISO C and C++ conformant name: _getch. See online help for details.
C:\Users\o\source\repos\ProiectPOO remastered part 2\ProiectPOO remastered part 2\main.cpp(816,4): warning C4996: 'strcpy': This function or variable may be unsafe. Consider using strcpy_s instead. To disable deprecation, use _CRT_SECURE_NO_WARNINGS. See online help for details.
C:\Users\o\source\repos\ProiectPOO remastered part 2\ProiectPOO remastered part 2\main.cpp(824,4): warning C4996: 'strcpy': This function or variable may be unsafe. Consider using strcpy_s instead. To disable deprecation, use _CRT_SECURE_NO_WARNINGS. See online help for details.
C:\Users\o\source\repos\ProiectPOO remastered part 2\ProiectPOO remastered part 2\main.cpp(832,4): warning C4996: 'strcpy': This function or variable may be unsafe. Consider using strcpy_s instead. To disable deprecation, use _CRT_SECURE_NO_WARNINGS. See online help for details.
C:\Users\o\source\repos\ProiectPOO remastered part 2\ProiectPOO remastered part 2\main.cpp(860,7): warning C4101: 's': unreferenced local variable
C:\Users\o\source\repos\ProiectPOO remastered part 2\ProiectPOO remastered part 2\main.cpp(878,7): warning C4101: 's': unreferenced local variable
C:\Users\o\source\repos\ProiectPOO remastered part 2\ProiectPOO remastered part 2\main.cpp(895,34): warning C4267: 'initializing': conversion from 'size_t' to 'int', possible loss of data
C:\Users\o\source\repos\ProiectPOO remastered part 2\ProiectPOO remastered part 2\main.cpp(1025,7): warning C4996: 'getch': The POSIX name for this item is deprecated. Instead, use the ISO C and C++ conformant name: _getch. See online help for details.
C:\Users\o\source\repos\ProiectPOO remastered part 2\ProiectPOO remastered part 2\main.cpp(1160,7): warning C4996: 'getch': The POSIX name for this item is deprecated. Instead, use the ISO C and C++ conformant name: _getch. See online help for details.
C:\Users\o\source\repos\ProiectPOO remastered part 2\ProiectPOO remastered part 2\main.cpp(1240,7): warning C4996: 'getch': The POSIX name for this item is deprecated. Instead, use the ISO C and C++ conformant name: _getch. See online help for details.
C:\Users\o\source\repos\ProiectPOO remastered part 2\ProiectPOO remastered part 2\main.cpp(1309,7): warning C4996: 'getch': The POSIX name for this item is deprecated. Instead, use the ISO C and C++ conformant name: _getch. See online help for details.
C:\Users\o\source\repos\ProiectPOO remastered part 2\ProiectPOO remastered part 2\main.cpp(1437,7): warning C4996: 'getch': The POSIX name for this item is deprecated. Instead, use the ISO C and C++ conformant name: _getch. See online help for details.
C:\Users\o\source\repos\ProiectPOO remastered part 2\ProiectPOO remastered part 2\main.cpp(1515,7): warning C4996: 'getch': The POSIX name for this item is deprecated. Instead, use the ISO C and C++ conformant name: _getch. See online help for details.
C:\Users\o\source\repos\ProiectPOO remastered part 2\ProiectPOO remastered part 2\main.cpp(1626,7): warning C4996: 'getch': The POSIX name for this item is deprecated. Instead, use the ISO C and C++ conformant name: _getch. See online help for details.
C:\Users\o\source\repos\ProiectPOO remastered part 2\ProiectPOO remastered part 2\main.cpp(1573,23): warning C4101: 'new_username': unreferenced local variable
C:\Users\o\source\repos\ProiectPOO remastered part 2\ProiectPOO remastered part 2\main.cpp(1779,4): warning C4996: 'strcpy': This function or variable may be unsafe. Consider using strcpy_s instead. To disable deprecation, use _CRT_SECURE_NO_WARNINGS. See online help for details.
C:\Users\o\source\repos\ProiectPOO remastered part 2\ProiectPOO remastered part 2\main.cpp(1865,7): warning C4996: 'getch': The POSIX name for this item is deprecated. Instead, use the ISO C and C++ conformant name: _getch. See online help for details.
C:\Users\o\source\repos\ProiectPOO remastered part 2\ProiectPOO remastered part 2\main.cpp(1731): warning C4715: 'returnare_indice': not all control paths return a value
C:\Users\o\source\repos\ProiectPOO remastered part 2\ProiectPOO remastered part 2\main.cpp(600): warning C4700: uninitialized local variable 'litera' used
C:\Users\o\source\repos\ProiectPOO remastered part 2\ProiectPOO remastered part 2\main.cpp(610): warning C4700: uninitialized local variable 'corect' used
  AssemblyInfo.obj : MSIL module encountered; incremental linking is disabled for MSIL; performing full link
  ProiectPOO remastered part 2.vcxproj -> C:\Users\o\source\repos\ProiectPOO remastered part 2\x64\Debug\ProiectPOO remastered part 2.exe
