  main.cpp
C:\Users\o\source\repos\ProiectPOO remastered part 2\ProiectPOO remastered part 2\main.cpp(26,2): warning C4996: 'getch': The POSIX name for this item is deprecated. Instead, use the ISO C and C++ conformant name: _getch. See online help for details.
C:\Users\o\source\repos\ProiectPOO remastered part 2\ProiectPOO remastered part 2\main.cpp(437,12): warning C4244: 'argument': conversion from 'time_t' to 'unsigned int', possible loss of data
C:\Users\o\source\repos\ProiectPOO remastered part 2\ProiectPOO remastered part 2\main.cpp(483,53): warning C4267: '=': conversion from 'size_t' to 'int', possible loss of data
C:\Users\o\source\repos\ProiectPOO remastered part 2\ProiectPOO remastered part 2\main.cpp(492,2): warning C4996: 'strcpy': This function or variable may be unsafe. Consider using strcpy_s instead. To disable deprecation, use _CRT_SECURE_NO_WARNINGS. See online help for details.
C:\Users\o\source\repos\ProiectPOO remastered part 2\ProiectPOO remastered part 2\main.cpp(499,2): warning C4996: 'strcpy': This function or variable may be unsafe. Consider using strcpy_s instead. To disable deprecation, use _CRT_SECURE_NO_WARNINGS. See online help for details.
C:\Users\o\source\repos\ProiectPOO remastered part 2\ProiectPOO remastered part 2\main.cpp(546,6): warning C4996: 'getch': The POSIX name for this item is deprecated. Instead, use the ISO C and C++ conformant name: _getch. See online help for details.
C:\Users\o\source\repos\ProiectPOO remastered part 2\ProiectPOO remastered part 2\main.cpp(709,15): warning C4996: 'getch': The POSIX name for this item is deprecated. Instead, use the ISO C and C++ conformant name: _getch. See online help for details.
C:\Users\o\source\repos\ProiectPOO remastered part 2\ProiectPOO remastered part 2\main.cpp(738,15): warning C4996: 'getch': The POSIX name for this item is deprecated. Instead, use the ISO C and C++ conformant name: _getch. See online help for details.
C:\Users\o\source\repos\ProiectPOO remastered part 2\ProiectPOO remastered part 2\main.cpp(788,12): warning C4996: 'getch': The POSIX name for this item is deprecated. Instead, use the ISO C and C++ conformant name: _getch. See online help for details.
C:\Users\o\source\repos\ProiectPOO remastered part 2\ProiectPOO remastered part 2\main.cpp(822,4): warning C4996: 'strcpy': This function or variable may be unsafe. Consider using strcpy_s instead. To disable deprecation, use _CRT_SECURE_NO_WARNINGS. See online help for details.
C:\Users\o\source\repos\ProiectPOO remastered part 2\ProiectPOO remastered part 2\main.cpp(830,4): warning C4996: 'strcpy': This function or variable may be unsafe. Consider using strcpy_s instead. To disable deprecation, use _CRT_SECURE_NO_WARNINGS. See online help for details.
C:\Users\o\source\repos\ProiectPOO remastered part 2\ProiectPOO remastered part 2\main.cpp(838,4): warning C4996: 'strcpy': This function or variable may be unsafe. Consider using strcpy_s instead. To disable deprecation, use _CRT_SECURE_NO_WARNINGS. See online help for details.
C:\Users\o\source\repos\ProiectPOO remastered part 2\ProiectPOO remastered part 2\main.cpp(866,7): warning C4101: 's': unreferenced local variable
C:\Users\o\source\repos\ProiectPOO remastered part 2\ProiectPOO remastered part 2\main.cpp(884,7): warning C4101: 's': unreferenced local variable
C:\Users\o\source\repos\ProiectPOO remastered part 2\ProiectPOO remastered part 2\main.cpp(901,34): warning C4267: 'initializing': conversion from 'size_t' to 'int', possible loss of data
C:\Users\o\source\repos\ProiectPOO remastered part 2\ProiectPOO remastered part 2\main.cpp(1031,7): warning C4996: 'getch': The POSIX name for this item is deprecated. Instead, use the ISO C and C++ conformant name: _getch. See online help for details.
C:\Users\o\source\repos\ProiectPOO remastered part 2\ProiectPOO remastered part 2\main.cpp(1166,7): warning C4996: 'getch': The POSIX name for this item is deprecated. Instead, use the ISO C and C++ conformant name: _getch. See online help for details.
C:\Users\o\source\repos\ProiectPOO remastered part 2\ProiectPOO remastered part 2\main.cpp(1246,7): warning C4996: 'getch': The POSIX name for this item is deprecated. Instead, use the ISO C and C++ conformant name: _getch. See online help for details.
C:\Users\o\source\repos\ProiectPOO remastered part 2\ProiectPOO remastered part 2\main.cpp(1315,7): warning C4996: 'getch': The POSIX name for this item is deprecated. Instead, use the ISO C and C++ conformant name: _getch. See online help for details.
C:\Users\o\source\repos\ProiectPOO remastered part 2\ProiectPOO remastered part 2\main.cpp(1443,7): warning C4996: 'getch': The POSIX name for this item is deprecated. Instead, use the ISO C and C++ conformant name: _getch. See online help for details.
C:\Users\o\source\repos\ProiectPOO remastered part 2\ProiectPOO remastered part 2\main.cpp(1521,7): warning C4996: 'getch': The POSIX name for this item is deprecated. Instead, use the ISO C and C++ conformant name: _getch. See online help for details.
C:\Users\o\source\repos\ProiectPOO remastered part 2\ProiectPOO remastered part 2\main.cpp(1632,7): warning C4996: 'getch': The POSIX name for this item is deprecated. Instead, use the ISO C and C++ conformant name: _getch. See online help for details.
C:\Users\o\source\repos\ProiectPOO remastered part 2\ProiectPOO remastered part 2\main.cpp(1579,23): warning C4101: 'new_username': unreferenced local variable
C:\Users\o\source\repos\ProiectPOO remastered part 2\ProiectPOO remastered part 2\main.cpp(1785,4): warning C4996: 'strcpy': This function or variable may be unsafe. Consider using strcpy_s instead. To disable deprecation, use _CRT_SECURE_NO_WARNINGS. See online help for details.
C:\Users\o\source\repos\ProiectPOO remastered part 2\ProiectPOO remastered part 2\main.cpp(1871,7): warning C4996: 'getch': The POSIX name for this item is deprecated. Instead, use the ISO C and C++ conformant name: _getch. See online help for details.
C:\Users\o\source\repos\ProiectPOO remastered part 2\ProiectPOO remastered part 2\main.cpp(1737): warning C4715: 'returnare_indice': not all control paths return a value
C:\Users\o\source\repos\ProiectPOO remastered part 2\ProiectPOO remastered part 2\main.cpp(607): warning C4700: uninitialized local variable 'litera' used
C:\Users\o\source\repos\ProiectPOO remastered part 2\ProiectPOO remastered part 2\main.cpp(617): warning C4700: uninitialized local variable 'corect' used
  AssemblyInfo.obj : MSIL module encountered; incremental linking is disabled for MSIL; performing full link
  ProiectPOO remastered part 2.vcxproj -> C:\Users\o\source\repos\ProiectPOO remastered part 2\x64\Debug\ProiectPOO remastered part 2.exe
